{"level":"info","message":"Starting to load commands from: file:///D:/Tars-Bot/server/src/commands/","timestamp":"2026-07-15 15:26:41"}
{"level":"info","message":"Loaded command: /maintenance","timestamp":"2026-07-15 15:26:41"}
{"level":"info","message":"Starting to load commands from: file:///D:/Tars-Bot/server/src/commands/","timestamp":"2026-07-15 15:28:00"}
{"level":"info","message":"Loaded command: /maintenance","timestamp":"2026-07-15 15:28:00"}
{"level":"info","message":"Starting to load commands from: file:///D:/Tars-Bot/server/src/commands/","timestamp":"2026-07-15 15:28:18"}
{"level":"info","message":"Loaded command: /maintenance","timestamp":"2026-07-15 15:28:18"}
{"level":"info","message":"Starting to load commands from: file:///D:/Tars-Bot/server/src/commands/","timestamp":"2026-07-15 15:28:30"}
{"level":"info","message":"Loaded command: /maintenance","timestamp":"2026-07-15 15:28:30"}
{"level":"info","message":"Loaded command: /roast","timestamp":"2026-07-15 15:28:30"}
{"level":"info","message":"Loaded command: /wish","timestamp":"2026-07-15 15:28:30"}
{"level":"info","message":"Loaded command: /purge","timestamp":"2026-07-15 15:28:30"}
{"level":"info","message":"Loaded command: /about","timestamp":"2026-07-15 15:28:30"}
{"level":"info","message":"Loaded command: /ping","timestamp":"2026-07-15 15:28:30"}
{"level":"info","message":"All commands loaded successfully.","timestamp":"2026-07-15 15:28:30"}
{"level":"info","message":"Tars#2717 is online.","timestamp":"2026-07-15 15:28:32"}
{"level":"info","message":"Starting to load commands from: file:///D:/Tars-Bot/server/src/commands/","timestamp":"2026-07-15 15:28:44"}
{"level":"info","message":"Loaded command: /maintenance","timestamp":"2026-07-15 15:28:44"}
{"level":"info","message":"Loaded command: /roast","timestamp":"2026-07-15 15:28:44"}
{"level":"info","message":"Loaded command: /wish","timestamp":"2026-07-15 15:28:44"}
{"level":"info","message":"Loaded command: /purge","timestamp":"2026-07-15 15:28:44"}
{"level":"info","message":"Loaded command: /about","timestamp":"2026-07-15 15:28:44"}
{"level":"info","message":"Loaded command: /ping","timestamp":"2026-07-15 15:28:44"}
{"level":"info","message":"All commands loaded successfully.","timestamp":"2026-07-15 15:28:44"}
{"level":"info","message":"Tars#2717 is online.","timestamp":"2026-07-15 15:28:47"}
{"level":"info","message":"Tars#2717 is online.","timestamp":"2026-07-15 15:29:46"}
{"level":"info","message":"Tars#2717 is online.","timestamp":"2026-07-15 15:31:52"}
